<?xml version="1.0" encoding="UTF-8"?>
<testsuite xmlns:xsi="http://www.w3.org/2001/XMLSchema-instance" xsi:noNamespaceSchemaLocation="https://maven.apache.org/surefire/maven-surefire-plugin/xsd/surefire-test-report.xsd" name="nerdschool.bar.PubPricesTest" time="0.035" tests="11" errors="0" skipped="0" failures="0">
  <properties>
[...]
</properties>
  <testcase name="testThatADrinkNotInTheSortimentGivesError" classname="nerdschool.bar.PubPricesTest" time="0.017"/>
  <testcase name="testCidersAreCostly" classname="nerdschool.bar.PubPricesTest" time="0.001"/>
  <testcase name="testProperCidersAreEvenMoreExpensive" classname="nerdschool.bar.PubPricesTest" time="0"/>
  <testcase name="testACocktail" classname="nerdschool.bar.PubPricesTest" time="0"/>
  <testcase name="testBacardiSpecial" classname="nerdschool.bar.PubPricesTest" time="0.001"/>
  <testcase name="oneBeerTest" classname="nerdschool.bar.PubPricesTest" time="0.001"/>
  <testcase name="testCanOrderMoreThanTwoBeers" classname="nerdschool.bar.PubPricesTest$MultipleDrinks" time="0"/>
  <testcase name="testCanBuyAtMostTwoDrinksInOneGo" classname="nerdschool.bar.PubPricesTest$MultipleDrinks" time="0.001"/>
  <testcase name="testStudentsGetADiscountForBeer" classname="nerdschool.bar.PubPricesTest$Students" time="0.001"/>
  <testcase name="testStudentsGetDiscountsWhenOrderingMoreThanOneBeer" classname="nerdschool.bar.PubPricesTest$Students" time="0"/>
  <testcase name="testStudentsDoNotGetDiscountsForCocktails" classname="nerdschool.bar.PubPricesTest$Students" time="0"/>
</testsuite>